c:\users\matth\downloads\manualinject\source\manualinject\manualinject\release\main.obj
c:\users\matth\downloads\manualinject\source\manualinject\manualinject\release\injection.obj
c:\users\matth\downloads\manualinject\source\manualinject\manualinject\release\vc110.pdb
c:\users\matth\documents\github\dllinjector\manualinject\manualinject\release\main.obj
c:\users\matth\documents\github\dllinjector\manualinject\manualinject\release\injection.obj
c:\users\matth\documents\github\dllinjector\manualinject\manualinject\release\vc110.pdb
c:\users\matth\downloads\manualinject\source\manualinject\release\manualinject.exe
c:\users\matth\downloads\manualinject\source\manualinject\release\manualinject.pdb
c:\users\matth\documents\github\dllinjector\manualinject\release\manualinject.exe
c:\users\matth\documents\github\dllinjector\manualinject\release\manualinject.pdb
c:\users\ktg73\desktop\manualinject\manualinject\release\vc142.pdb
c:\users\ktg73\desktop\manualinject\manualinject\release\main.obj
c:\users\ktg73\desktop\manualinject\manualinject\release\injection.obj
c:\users\ktg73\desktop\manualinject\release\manualinject.exe
c:\users\ktg73\desktop\manualinject\release\manualinject.pdb
c:\users\ktg73\desktop\manualinject\release\manualinject.ipdb
c:\users\ktg73\desktop\manualinject\release\manualinject.iobj
c:\users\ktg73\desktop\manualinject\manualinject\release\cl.command.1.tlog
c:\users\ktg73\desktop\manualinject\manualinject\release\cl.read.1.tlog
c:\users\ktg73\desktop\manualinject\manualinject\release\cl.write.1.tlog
c:\users\ktg73\desktop\manualinject\manualinject\release\link-cvtres.read.1.tlog
c:\users\ktg73\desktop\manualinject\manualinject\release\link-cvtres.write.1.tlog
c:\users\ktg73\desktop\manualinject\manualinject\release\link-rc.read.1.tlog
c:\users\ktg73\desktop\manualinject\manualinject\release\link-rc.write.1.tlog
c:\users\ktg73\desktop\manualinject\manualinject\release\link.command.1.tlog
c:\users\ktg73\desktop\manualinject\manualinject\release\link.read.1.tlog
c:\users\ktg73\desktop\manualinject\manualinject\release\link.write.1.tlog
c:\users\ktg73\desktop\manualinject\manualinject\release\vc110.pdb
c:\users\ktg73\desktop\manualinject\manualinject\release\manualinject.tlog\cl.command.1.tlog
c:\users\ktg73\desktop\manualinject\manualinject\release\manualinject.tlog\cl.read.1.tlog
c:\users\ktg73\desktop\manualinject\manualinject\release\manualinject.tlog\cl.write.1.tlog
c:\users\ktg73\desktop\manualinject\manualinject\release\manualinject.tlog\link.command.1.tlog
c:\users\ktg73\desktop\manualinject\manualinject\release\manualinject.tlog\link.delete.1.tlog
c:\users\ktg73\desktop\manualinject\manualinject\release\manualinject.tlog\link.read.1.tlog
c:\users\ktg73\desktop\manualinject\manualinject\release\manualinject.tlog\link.write.1.tlog
c:\users\ktg73\desktop\manualinject\manualinject\release\manualinject.tlog\manualinject.write.1u.tlog
